<?xml version="1.0" encoding="UTF-8"?>
<testsuite xmlns:xsi="http://www.w3.org/2001/XMLSchema-instance" xsi:noNamespaceSchemaLocation="https://maven.apache.org/surefire/maven-surefire-plugin/xsd/surefire-test-report.xsd" name="tests.Test2" time="0.005" tests="1" errors="0" skipped="0" failures="0">
  <properties>
    <property name="java.specification.version" value="14"/>
    <property name="sun.jnu.encoding" value="UTF-8"/>
    <property name="java.class.path" value="/home/darek/eclipse-workspace/MvnProjectJunit5-Model/target/test-classes:/home/darek/eclipse-workspace/MvnProjectJunit5-Model/target/classes:/home/darek/.m2/repository/org/junit/junit5-engine/5.0.0-ALPHA/junit5-engine-5.0.0-ALPHA.jar:/home/darek/.m2/repository/org/junit/junit5-api/5.0.0-ALPHA/junit5-api-5.0.0-ALPHA.jar:/home/darek/.m2/repository/org/opentest4j/opentest4j/1.0.0-ALPHA/opentest4j-1.0.0-ALPHA.jar:/home/darek/.m2/repository/org/junit/junit-commons/5.0.0-ALPHA/junit-commons-5.0.0-ALPHA.jar:/home/darek/.m2/repository/org/junit/junit-engine-api/5.0.0-ALPHA/junit-engine-api-5.0.0-ALPHA.jar:/home/darek/.m2/repository/org/hamcrest/hamcrest-all/1.3/hamcrest-all-1.3.jar:"/>
    <property name="java.vm.vendor" value="Oracle Corporation"/>
    <property name="sun.arch.data.model" value="64"/>
    <property name="java.vendor.url" value="https://java.oracle.com/"/>
    <property name="os.name" value="Linux"/>
    <property name="java.vm.specification.version" value="14"/>
    <property name="sun.java.launcher" value="SUN_STANDARD"/>
    <property name="user.country" value="US"/>
    <property name="sun.boot.library.path" value="/usr/java/jdk-14/lib"/>
    <property name="sun.java.command" value="/home/darek/eclipse-workspace/MvnProjectJunit5-Model/target/surefire/surefirebooter10900906624605925749.jar /home/darek/eclipse-workspace/MvnProjectJunit5-Model/target/surefire 2020-05-14T14-20-18_260-jvmRun1 surefire4425924022815237083tmp surefire_011514793200136811943tmp"/>
    <property name="jdk.debug" value="release"/>
    <property name="surefire.test.class.path" value="/home/darek/eclipse-workspace/MvnProjectJunit5-Model/target/test-classes:/home/darek/eclipse-workspace/MvnProjectJunit5-Model/target/classes:/home/darek/.m2/repository/org/junit/junit5-engine/5.0.0-ALPHA/junit5-engine-5.0.0-ALPHA.jar:/home/darek/.m2/repository/org/junit/junit5-api/5.0.0-ALPHA/junit5-api-5.0.0-ALPHA.jar:/home/darek/.m2/repository/org/opentest4j/opentest4j/1.0.0-ALPHA/opentest4j-1.0.0-ALPHA.jar:/home/darek/.m2/repository/org/junit/junit-commons/5.0.0-ALPHA/junit-commons-5.0.0-ALPHA.jar:/home/darek/.m2/repository/org/junit/junit-engine-api/5.0.0-ALPHA/junit-engine-api-5.0.0-ALPHA.jar:/home/darek/.m2/repository/org/hamcrest/hamcrest-all/1.3/hamcrest-all-1.3.jar:"/>
    <property name="sun.cpu.endian" value="little"/>
    <property name="user.home" value="/home/darek"/>
    <property name="user.language" value="en"/>
    <property name="java.specification.vendor" value="Oracle Corporation"/>
    <property name="java.version.date" value="2020-03-17"/>
    <property name="java.home" value="/usr/java/jdk-14"/>
    <property name="file.separator" value="/"/>
    <property name="basedir" value="/home/darek/eclipse-workspace/MvnProjectJunit5-Model"/>
    <property name="java.vm.compressedOopsMode" value="32-bit"/>
    <property name="line.separator" value="&#10;"/>
    <property name="java.vm.specification.vendor" value="Oracle Corporation"/>
    <property name="java.specification.name" value="Java Platform API Specification"/>
    <property name="surefire.real.class.path" value="/home/darek/eclipse-workspace/MvnProjectJunit5-Model/target/surefire/surefirebooter10900906624605925749.jar"/>
    <property name="sun.management.compiler" value="HotSpot 64-Bit Tiered Compilers"/>
    <property name="java.runtime.version" value="14+36-1461"/>
    <property name="user.name" value="darek"/>
    <property name="path.separator" value=":"/>
    <property name="os.version" value="5.3.0-51-generic"/>
    <property name="java.runtime.name" value="OpenJDK Runtime Environment"/>
    <property name="file.encoding" value="UTF-8"/>
    <property name="java.vm.name" value="OpenJDK 64-Bit Server VM"/>
    <property name="localRepository" value="/home/darek/.m2/repository"/>
    <property name="java.vendor.url.bug" value="https://bugreport.java.com/bugreport/"/>
    <property name="java.io.tmpdir" value="/tmp"/>
    <property name="java.version" value="14"/>
    <property name="user.dir" value="/home/darek/eclipse-workspace/MvnProjectJunit5-Model"/>
    <property name="os.arch" value="amd64"/>
    <property name="java.vm.specification.name" value="Java Virtual Machine Specification"/>
    <property name="java.library.path" value="/usr/java/packages/lib:/usr/lib64:/lib64:/lib:/usr/lib"/>
    <property name="java.vm.info" value="mixed mode, sharing"/>
    <property name="java.vendor" value="Oracle Corporation"/>
    <property name="java.vm.version" value="14+36-1461"/>
    <property name="sun.io.unicode.encoding" value="UnicodeLittle"/>
    <property name="java.class.version" value="58.0"/>
  </properties>
  <testcase name="test" classname="tests.Test2" time="0.001"/>
</testsuite>